<?xml version="1.0" encoding="UTF-8"?>
<testng-results skipped="0" failed="0" ignored="0" total="1" passed="1">
  <reporter-output>
  </reporter-output>
  <suite name="Suite" duration-ms="3712" started-at="2022-01-07T05:34:46Z" finished-at="2022-01-07T05:34:50Z">
    <groups>
    </groups>
    <test name="Test" duration-ms="3712" started-at="2022-01-07T05:34:46Z" finished-at="2022-01-07T05:34:50Z">
      <class name="testingapi.apitrello">
        <test-method status="PASS" signature="createABoard()[pri:0, instance:testingapi.apitrello@5906ebcb]" name="createABoard" duration-ms="3662" started-at="2022-01-07T05:34:46Z" finished-at="2022-01-07T05:34:50Z">
          <reporter-output>
          </reporter-output>
        </test-method> <!-- createABoard -->
      </class> <!-- testingapi.apitrello -->
    </test> <!-- Test -->
  </suite> <!-- Suite -->
</testng-results>
