<?xml version="1.0" encoding="UTF-8"?>
<testng-results ignored="0" total="1" passed="1" failed="0" skipped="0">
  <reporter-output>
  </reporter-output>
  <suite started-at="2022-01-03T10:15:10Z" name="Default suite" finished-at="2022-01-03T10:15:12Z" duration-ms="2371">
    <groups>
    </groups>
    <test started-at="2022-01-03T10:15:10Z" name="Default test" finished-at="2022-01-03T10:15:12Z" duration-ms="2371">
      <class name="testingapi.apitrello">
        <test-method signature="createABoard()[pri:0, instance:testingapi.apitrello@3b8f0a79]" started-at="2022-01-03T10:15:10Z" name="createABoard" finished-at="2022-01-03T10:15:12Z" duration-ms="2346" status="PASS">
          <reporter-output>
          </reporter-output>
        </test-method> <!-- createABoard -->
      </class> <!-- testingapi.apitrello -->
    </test> <!-- Default test -->
  </suite> <!-- Default suite -->
</testng-results>
